Write Logs By Ben:  has changed by user id: 8, Time: 2021-05-03 01:59:04
Write Logs By Ben: (Empty Field Content.) has changed by user id: 74, Time: 2021-05-07 08:11:57
Write Logs By Ben: (LVC Purete) has changed by user id: 74, Time: 2021-05-07 08:12:45
Write Logs By Ben: (Empty Field Content.) has changed by user id: 74, Time: 2021-05-07 08:13:13
Write Logs By Ben: (Empty Field Content.) has changed by user id: 74, Time: 2021-05-07 08:13:27
Write Logs By Ben: (LVC 9TwentyFive) has changed by user id: 74, Time: 2021-05-07 08:15:17
Write Logs By Ben: (Empty Field Content.) has changed by user id: 74, Time: 2021-05-07 08:22:16
Write Logs By Ben: (LVC 9TwentyFive) has changed by user id: 129, Time: 2021-05-10 10:18:54
Write Logs: (Engravables) has changed by user id: 74, Time: 2021-05-12 03:16:00|| Term id: 348
Write Logs: (Engravables) has changed by user id: 129, Time: 2021-05-18 10:15:59|| Term id: 348
Write Logs: (Empty Field Content.) has changed by user id: 129, Time: 2021-05-19 03:44:07|| Term id: 349
Write Logs: (Empty Field Content.) has changed by user id: 129, Time: 2021-06-01 03:41:49|| Term id: 264
Write Logs: (Empty Field Content.) has changed by user id: 129, Time: 2021-06-01 03:41:56|| Term id: 187
Write Logs: (LVC 9TwentyFive) has changed by user id: 74, Time: 2021-06-03 08:30:16|| Term id: 314
Write Logs: (Empty Field Content.) has changed by user id: 74, Time: 2021-06-03 08:42:57|| Term id: 187
Write Logs: (Empty Field Content.) has changed by user id: 74, Time: 2021-06-03 08:43:31|| Term id: 264
Write Logs: (LVC 9TwentyFive) has changed by user id: 129, Time: 2021-06-04 04:21:01|| Term id: 314
Write Logs: (Engravables) has changed by user id: 74, Time: 2021-06-10 02:17:36|| Term id: 348
Write Logs: (LVC 9TwentyFive) has changed by user id: 74, Time: 2021-06-10 02:24:08|| Term id: 314
Write Logs: (LVC 9TwentyFive) has changed by user id: 129, Time: 2021-06-15 03:18:35|| Term id: 314
Write Logs: (Engravables) has changed by user id: 129, Time: 2021-06-15 03:18:43|| Term id: 348
Write Logs: (Empty Field Content.) has changed by user id: 74, Time: 2021-06-16 05:07:45|| Term id: 264
Write Logs: (LVC 9TwentyFive) has changed by user id: 74, Time: 2021-06-16 05:10:18|| Term id: 314
Write Logs: (Engravables) has changed by user id: 74, Time: 2021-06-16 05:11:01|| Term id: 348
\n Description: (Don\'t miss out on our latest arrivals at Love & Co. Singapore! Discover our new jewellery launches in one place, and be the first to add them to your collection.) has changed by user id: 8, Time: 2021-06-17 06:39:28|| Term id: 190
Description updated: (Don\'t miss out on our latest arrivals at Love & Co. Singapore! Discover our new jewellery launches in one place, and be the first to add them to your collection.) has changed by user id: 8, Time: 2021-06-17 06:40:17|| Term id: 190
Description updated: (Don\'t miss out on our latest arrivals at Love & Co. Singapore! Discover our new jewellery launches in one place, and be the first to add them to your collection.) has changed by user id: 8, Time: 2021-06-17 06:41:00|| Term id: 190
Write Logs: (Empty Field Content.) has changed by user id: 8, Time: 2021-06-17 07:34:42|| Term id: 187
Write Logs: (Empty Field Content.) has changed by user id: 8, Time: 2021-06-17 07:34:42|| Term id: 187Description updated: (Express your love and affection for your significant other with an extensive line of well-crafted platinum rings in Singapore. Our uniquely styled rings are simple but come with superlative quality and intricate details that will leave you speechless – and bring you everlasting romance.) has changed by user id: 8, Time: 2021-06-17 07:34:42|| Term id: 187
Write Logs: (Lovemarque) has changed by user id: 8, Time: 2021-06-17 09:54:19|| Term id: 195
Write Logs: (Lovemarque) has changed by user id: 8, Time: 2021-06-17 09:54:19|| Term id: 195Description updated: (Catch Love & Co.\'s signature Lovemarque diamonds in action, set in lovingly crafted 18K rose or white gold rings, a perfect complement to your engagement story.) has changed by user id: 8, Time: 2021-06-17 09:54:19|| Term id: 195
Write Logs: (Empty Field Content.) has changed by user id: 8, Time: 2021-06-17 09:54:58|| Term id: 195
Write Logs: (Empty Field Content.) has changed by user id: 8, Time: 2021-06-17 09:54:58|| Term id: 195Description updated: (Catch Love & Co.\'s signature Lovemarque diamonds in action, set in lovingly crafted 18K rose or white gold rings, a perfect complement to your engagement story.) has changed by user id: 8, Time: 2021-06-17 09:54:58|| Term id: 195
Write Logs: (Empty Field Content.) has changed by user id: 8, Time: 2021-06-17 09:55:23|| Term id: 195
Write Logs: (Empty Field Content.) has changed by user id: 8, Time: 2021-06-17 09:55:23|| Term id: 195Description updated: (Catch Love & Co.\'s signature Lovemarque diamonds in action, set in lovingly crafted 18K rose or white gold rings, a perfect complement to your engagement story.) has changed by user id: 8, Time: 2021-06-17 09:55:23|| Term id: 195
Write Logs: (Lovemarque) has changed by user id: 8, Time: 2021-06-17 09:55:51|| Term id: 195
Write Logs: (Lovemarque) has changed by user id: 8, Time: 2021-06-17 09:55:51|| Term id: 195Description updated: (Catch Love & Co.\'s signature Lovemarque diamonds in action, set in lovingly crafted 18K rose or white gold rings, a perfect complement to your engagement story.) has changed by user id: 8, Time: 2021-06-17 09:55:51|| Term id: 195
Description updated: (Grab the best bang for your buck with our curated jewellery selections under $300 in Singapore. Shop rings, necklaces, earrings, and bangles conveniently online.) has changed by user id: 8, Time: 2021-06-17 10:04:12|| Term id: 207
Description updated: (Find the perfect gift for that special someone with our under-$500 jewellery selection. Enjoy free shipping and a 7-days return policy when you purchase online.) has changed by user id: 8, Time: 2021-06-17 10:05:32|| Term id: 208
Description updated: (Looking for a gift to impress? Explore our list of under-$1000 jewellery, from 18K gold accessories to trendy rings, earrings, and bracelets in Singapore.) has changed by user id: 8, Time: 2021-06-17 10:05:56|| Term id: 209
Description updated: (The perfect ring you are looking for is right here. Be spoilt for choice with our range of diamond rings, wedding bands, or trendy statement rings in Singapore.) has changed by user id: 8, Time: 2021-06-17 10:09:55|| Term id: 191
Description updated: (Style up your outfit with Love & Co.\'s necklaces and pendants. From the cute to the classy, they are ideal for stacking and matching with other jewellery.) has changed by user id: 8, Time: 2021-06-17 10:10:30|| Term id: 192
Description updated: (Add sparkle to your look with Love & Co.\'s earrings, offering styles from the subtle to the glamourous. Browse the collection online or in Singapore stores now.) has changed by user id: 8, Time: 2021-06-17 10:10:59|| Term id: 193
Description updated: (Stack and style to your heart\'s content with Love & Co.\'s bracelet and bangle selections. Customisation is also available for selected styles in Singapore.) has changed by user id: 8, Time: 2021-06-17 10:11:43|| Term id: 194
Description updated: (Don\'t miss out on our latest arrivals at Love & Co. Singapore! Discover our new jewellery launches in one place, and be the first to add them to your collection.) has changed by user id: 8, Time: 2021-06-17 10:12:59|| Term id: 190
Description updated: (Symbolic of an unending union, wedding bands are the hallmarks of any wedding. Explore men\'s and women\'s rings here to find the perfect one to tell your story.) has changed by user id: 8, Time: 2021-06-17 10:13:35|| Term id: 124
Description updated: (Description Empty.) has changed by user id: 8, Time: 2021-06-17 10:14:09|| Term id: 447
Description updated: (Description Empty.) has changed by user id: 8, Time: 2021-06-17 10:14:30|| Term id: 447
Description updated: (From the dainty to the glamourously bold, our wedding bands satisfy every style and personality. Take your pick from our women\'s rings collection in Singapore.) has changed by user id: 8, Time: 2021-06-17 10:15:45|| Term id: 197
Description updated: (The perfect match awaits you here. Discover classic and striking men\'s wedding bands in brilliantly crafted 18K rose gold or white gold at Love & Co. Singapore.) has changed by user id: 8, Time: 2021-06-17 10:16:28|| Term id: 198
Write Logs: (LVC Precieux) has changed by user id: 8, Time: 2021-06-17 10:17:12|| Term id: 196
Write Logs: (LVC Precieux) has changed by user id: 8, Time: 2021-06-17 10:17:12|| Term id: 196Description updated: (Experience guilt-free jewellery in Singapore with our lab-grown diamond range, LVC Precieux, in a variety of beautiful styles to match every mood and look.) has changed by user id: 8, Time: 2021-06-17 10:17:12|| Term id: 196
Write Logs: (LVC 9TwentyFive) has changed by user id: 129, Time: 2021-06-19 06:33:54|| Term id: 314
Write Logs: (LVC 9TwentyFive) has changed by user id: 129, Time: 2021-06-19 06:33:54|| Term id: 314Description updated: (Description Empty.) has changed by user id: 129, Time: 2021-06-19 06:33:54|| Term id: 314
Write Logs: (Engravables) has changed by user id: 129, Time: 2021-06-19 06:34:02|| Term id: 348
Write Logs: (Engravables) has changed by user id: 129, Time: 2021-06-19 06:34:02|| Term id: 348Description updated: (Description Empty.) has changed by user id: 129, Time: 2021-06-19 06:34:02|| Term id: 348
Write Logs: (Lovemarque) has changed by user id: 129, Time: 2021-06-19 06:34:11|| Term id: 195
Write Logs: (Lovemarque) has changed by user id: 129, Time: 2021-06-19 06:34:11|| Term id: 195Description updated: (Description Empty.) has changed by user id: 129, Time: 2021-06-19 06:34:11|| Term id: 195
Write Logs: (LVC Precieux) has changed by user id: 129, Time: 2021-06-19 06:35:40|| Term id: 196
Write Logs: (LVC Precieux) has changed by user id: 129, Time: 2021-06-19 06:35:40|| Term id: 196Description updated: (Description Empty.) has changed by user id: 129, Time: 2021-06-19 06:35:40|| Term id: 196
Write Logs: (Empty Field Content.) has changed by user id: 129, Time: 2021-06-19 06:35:48|| Term id: 264
Write Logs: (Empty Field Content.) has changed by user id: 129, Time: 2021-06-19 06:35:48|| Term id: 264Description updated: (Description Empty.) has changed by user id: 129, Time: 2021-06-19 06:35:48|| Term id: 264
Write Logs: (Empty Field Content.) has changed by user id: 129, Time: 2021-06-19 06:35:54|| Term id: 264
Write Logs: (Empty Field Content.) has changed by user id: 129, Time: 2021-06-19 06:35:54|| Term id: 264Description updated: (Description Empty.) has changed by user id: 129, Time: 2021-06-19 06:35:54|| Term id: 264
Write Logs: (Empty Field Content.) has changed by user id: 129, Time: 2021-06-19 06:36:01|| Term id: 187
Write Logs: (Empty Field Content.) has changed by user id: 129, Time: 2021-06-19 06:36:01|| Term id: 187Description updated: (Description Empty.) has changed by user id: 129, Time: 2021-06-19 06:36:01|| Term id: 187
Description updated: (Description Empty.) has changed by user id: 129, Time: 2021-06-19 06:36:21|| Term id: 192
Description updated: (Description Empty.) has changed by user id: 129, Time: 2021-06-19 06:36:26|| Term id: 194
Description updated: (Description Empty.) has changed by user id: 129, Time: 2021-06-19 06:36:31|| Term id: 191
Description updated: (Description Empty.) has changed by user id: 129, Time: 2021-06-19 06:36:35|| Term id: 190
Description updated: (Description Empty.) has changed by user id: 129, Time: 2021-06-19 06:36:43|| Term id: 124
Description updated: (Description Empty.) has changed by user id: 129, Time: 2021-06-19 06:36:47|| Term id: 198
Description updated: (Description Empty.) has changed by user id: 129, Time: 2021-06-19 06:36:53|| Term id: 197
Description updated: (Description Empty.) has changed by user id: 129, Time: 2021-06-19 06:37:07|| Term id: 193
Description updated: (Style up your outfit with Love & Co.\'s necklaces and pendants. From the cute to the classy, they are ideal for stacking and matching with other jewellery.) has changed by user id: 8, Time: 2021-06-21 02:13:28|| Term id: 192
Write Logs: (LVC Promise Wedding Band) has changed by user id: 8, Time: 2021-06-21 08:33:09|| Term id: 264
Write Logs: (LVC Promise Wedding Band) has changed by user id: 8, Time: 2021-06-21 08:33:09|| Term id: 264Description updated: (The proposal rings from our LVC Promise Collection in Singapore unite couples together to promise an everlasting union. Beautifully crafted using advanced technology and the hands of our master craftsman, LVC Promise Ring symbolizes an unwavering bonding between two.) has changed by user id: 8, Time: 2021-06-21 08:33:09|| Term id: 264
Write Logs: (LVC Purete) has changed by user id: 8, Time: 2021-06-21 08:38:19|| Term id: 187
Write Logs: (LVC Purete) has changed by user id: 8, Time: 2021-06-21 08:38:19|| Term id: 187Description updated: (Express your love and affection for your significant other with an extensive line of well-crafted platinum rings in Singapore. Our uniquely styled rings are simple but come with superlative quality and intricate details that will leave you speechless – and bring you everlasting romance.) has changed by user id: 8, Time: 2021-06-21 08:38:19|| Term id: 187
Write Logs: (LVC 9TwentyFive) has changed by user id: 8, Time: 2021-06-21 08:41:55|| Term id: 314
Write Logs: (LVC 9TwentyFive) has changed by user id: 8, Time: 2021-06-21 08:41:55|| Term id: 314Description updated: (Style in our classy yet stylish 925 sterling silver jewellery in Singapore with Love & Co.\'s necklace, bracelets, bangles, and rings for both men and women.) has changed by user id: 8, Time: 2021-06-21 08:41:55|| Term id: 314
Write Logs: (Engravables) has changed by user id: 8, Time: 2021-06-21 08:42:43|| Term id: 348
Write Logs: (Engravables) has changed by user id: 8, Time: 2021-06-21 08:42:43|| Term id: 348Description updated: (Embrace uniqueness with LVC\'s custom-made adjustable or signet rings for both men and women. Find them in 925 silver or rose gold plating in Singapore stores.) has changed by user id: 8, Time: 2021-06-21 08:42:43|| Term id: 348
Write Logs: (Lovemarque) has changed by user id: 8, Time: 2021-06-21 08:43:19|| Term id: 195
Write Logs: (Lovemarque) has changed by user id: 8, Time: 2021-06-21 08:43:19|| Term id: 195Description updated: (Catch Love & Co.\'s signature Lovemarque diamonds in action, set in lovingly crafted 18K rose or white gold rings, a perfect complement to your engagement story.) has changed by user id: 8, Time: 2021-06-21 08:43:19|| Term id: 195
Description updated: (The perfect ring you are looking for is right here. Be spoilt for choice with our range of diamond rings, wedding bands, or trendy statement rings in Singapore.) has changed by user id: 8, Time: 2021-06-21 08:52:09|| Term id: 191
Description updated: (Style up your outfit with Love & Co.\'s necklaces and pendants. From the cute to the classy, they are ideal for stacking and matching with other jewellery.) has changed by user id: 8, Time: 2021-06-21 08:52:38|| Term id: 192
Description updated: (Add sparkle to your look with Love & Co.\'s earrings, offering styles from the subtle to the glamourous. Browse the collection online or in Singapore stores now.) has changed by user id: 8, Time: 2021-06-21 08:54:09|| Term id: 193
Description updated: (Stack and style to your heart\'s content with Love & Co.\'s bracelet and bangle selections. Customisation is also available for selected styles in Singapore.) has changed by user id: 8, Time: 2021-06-21 08:54:53|| Term id: 194
Description updated: (Don\'t miss out on our latest arrivals at Love & Co. Singapore! Discover our new jewellery launches in one place, and be the first to add them to your collection.) has changed by user id: 8, Time: 2021-06-21 08:55:11|| Term id: 190
Description updated: (Symbolic of an unending union, wedding bands are the hallmarks of any wedding. Explore men\'s and women\'s rings here to find the perfect one to tell your story.) has changed by user id: 8, Time: 2021-06-21 08:55:36|| Term id: 124
Description updated: (From the dainty to the glamourously bold, our wedding bands satisfy every style and personality. Take your pick from our women\'s rings collection in Singapore.) has changed by user id: 8, Time: 2021-06-21 08:57:10|| Term id: 197
Description updated: (The perfect match awaits you here. Discover classic and striking men\'s wedding bands in brilliantly crafted 18K rose gold or white gold at Love & Co. Singapore.) has changed by user id: 8, Time: 2021-06-21 08:58:13|| Term id: 198
Write Logs: (LVC Precieux) has changed by user id: 8, Time: 2021-06-21 08:58:35|| Term id: 196
Write Logs: (LVC Precieux) has changed by user id: 8, Time: 2021-06-21 08:58:35|| Term id: 196Description updated: (Experience guilt-free jewellery in Singapore with our lab-grown diamond range, LVC Precieux, in a variety of beautiful styles to match every mood and look.) has changed by user id: 8, Time: 2021-06-21 08:58:35|| Term id: 196
Write Logs: (LVC Petit Precieux) has changed by user id: 129, Time: 2021-06-28 02:09:15|| Term id: 462
Write Logs: (LVC Petit Precieux) has changed by user id: 129, Time: 2021-06-28 02:09:15|| Term id: 462Description updated: (Description Empty.) has changed by user id: 129, Time: 2021-06-28 02:09:15|| Term id: 462
Write Logs: (LVC Petit Precieux) has changed by user id: 9, Time: 2021-06-29 03:18:58|| Term id: 462
Write Logs: (LVC Petit Precieux) has changed by user id: 9, Time: 2021-06-29 03:18:58|| Term id: 462Description updated: (Description Empty.) has changed by user id: 9, Time: 2021-06-29 03:18:58|| Term id: 462
Write Logs: (LVC PetitPrecieux) has changed by user id: 9, Time: 2021-06-29 03:19:07|| Term id: 462
Write Logs: (LVC PetitPrecieux) has changed by user id: 9, Time: 2021-06-29 03:19:07|| Term id: 462Description updated: (Description Empty.) has changed by user id: 9, Time: 2021-06-29 03:19:07|| Term id: 462
Description updated: (Grab the best bang for your buck with our curated jewellery selections under $300 in Singapore. Shop rings, necklaces, earrings, and bangles conveniently online.) has changed by user id: 129, Time: 2021-06-30 02:15:26|| Term id: 207
Description updated: (Grab the best bang for your buck with our curated jewellery selections under $300 in Singapore. Shop rings, necklaces, earrings, and bangles conveniently online.) has changed by user id: 129, Time: 2021-06-30 02:19:56|| Term id: 207
Write Logs: (LVC PetitPrecieux) has changed by user id: 9, Time: 2021-07-02 01:50:37|| Term id: 462
Write Logs: (LVC PetitPrecieux) has changed by user id: 9, Time: 2021-07-02 01:50:37|| Term id: 462Description updated: (Description Empty.) has changed by user id: 9, Time: 2021-07-02 01:50:37|| Term id: 462
Write Logs: (LVC 9TwentyFive) has changed by user id: 74, Time: 2021-07-02 04:01:08|| Term id: 314
Write Logs: (LVC 9TwentyFive) has changed by user id: 74, Time: 2021-07-02 04:01:08|| Term id: 314Description updated: (Style in our classy yet stylish 925 sterling silver jewellery in Singapore with Love & Co.\'s necklace, bracelets, bangles, and rings for both men and women.) has changed by user id: 74, Time: 2021-07-02 04:01:08|| Term id: 314
Write Logs: (LVC Promise Wedding Band) has changed by user id: 74, Time: 2021-07-02 04:04:58|| Term id: 264
Write Logs: (LVC Promise Wedding Band) has changed by user id: 74, Time: 2021-07-02 04:04:58|| Term id: 264Description updated: (The proposal rings from our LVC Promise Collection in Singapore unite couples together to promise an everlasting union. Beautifully crafted using advanced technology and the hands of our master craftsman, LVC Promise Ring symbolizes an unwavering bonding between two.) has changed by user id: 74, Time: 2021-07-02 04:04:58|| Term id: 264
Write Logs: (LVC Purete) has changed by user id: 74, Time: 2021-07-02 04:06:19|| Term id: 187
Write Logs: (LVC Purete) has changed by user id: 74, Time: 2021-07-02 04:06:19|| Term id: 187Description updated: (Express your love and affection for your significant other with an extensive line of well-crafted platinum rings in Singapore. Our uniquely styled rings are simple but come with superlative quality and intricate details that will leave you speechless – and bring you everlasting romance.) has changed by user id: 74, Time: 2021-07-02 04:06:19|| Term id: 187
Write Logs: (Engravables) has changed by user id: 74, Time: 2021-07-02 04:06:35|| Term id: 348
Write Logs: (Engravables) has changed by user id: 74, Time: 2021-07-02 04:06:35|| Term id: 348Description updated: (Embrace uniqueness with LVC\'s custom-made adjustable or signet rings for both men and women. Find them in 925 silver or rose gold plating in Singapore stores.) has changed by user id: 74, Time: 2021-07-02 04:06:35|| Term id: 348
Write Logs: (LVC PetitPrecieux) has changed by user id: 9, Time: 2021-07-02 04:19:27|| Term id: 462
Write Logs: (LVC PetitPrecieux) has changed by user id: 9, Time: 2021-07-02 04:19:27|| Term id: 462Description updated: (A new generation of lab-grown diamonds in our sophisticated and modern designs.) has changed by user id: 9, Time: 2021-07-02 04:19:27|| Term id: 462
Write Logs: (LVC PetitPrecieux) has changed by user id: 9, Time: 2021-07-02 04:20:02|| Term id: 462
Write Logs: (LVC PetitPrecieux) has changed by user id: 9, Time: 2021-07-02 04:20:02|| Term id: 462Description updated: (A new generation of lab-grown diamonds in our sophisticated and modern designs.) has changed by user id: 9, Time: 2021-07-02 04:20:02|| Term id: 462
Write Logs: (LVC PetitPrecieux) has changed by user id: 9, Time: 2021-07-02 04:21:11|| Term id: 462
Write Logs: (LVC PetitPrecieux) has changed by user id: 9, Time: 2021-07-02 04:21:11|| Term id: 462Description updated: (A new generation of lab-grown diamonds in our sophisticated and modern wedding band designs.) has changed by user id: 9, Time: 2021-07-02 04:21:11|| Term id: 462
Description updated: (Description Empty.) has changed by user id: 8, Time: 2021-07-14 03:01:21|| Term id: 190
Description updated: (Don\'t miss out on our latest arrivals at Love & Co. Singapore! Discover our new jewellery launches in one place, and be the first to add them to your collection.) has changed by user id: 8, Time: 2021-07-14 03:01:38|| Term id: 190
Description updated: (Don\'t miss out on our latest arrivals at Love & Co. Singapore! Discover our new jewellery launches in one place, and be the first to add them to your collection.) has changed by user id: 8, Time: 2021-07-14 03:02:11|| Term id: 190
Write Logs: (LVC 9TwentyFive) has changed by user id: 74, Time: 2021-09-03 09:14:25|| Term id: 314
Write Logs: (LVC 9TwentyFive) has changed by user id: 74, Time: 2021-09-03 09:14:25|| Term id: 314Description updated: (Style in our classy yet stylish 925 sterling silver jewellery in Singapore with Love & Co.\'s necklace, bracelets, bangles, and rings for both men and women.) has changed by user id: 74, Time: 2021-09-03 09:14:25|| Term id: 314
Description updated: (Description Empty.) has changed by user id: 169, Time: 2021-10-05 15:26:20|| Term id: 123
Description updated: (Description Empty.) has changed by user id: 169, Time: 2021-10-05 15:26:50|| Term id: 123
Description updated: (Description Empty.) has changed by user id: 169, Time: 2021-10-06 06:20:58|| Term id: 474
Description updated: (Description Empty.) has changed by user id: 169, Time: 2021-10-07 09:53:08|| Term id: 474
Description updated: (Description Empty.) has changed by user id: 8, Time: 2021-10-12 03:57:57|| Term id: 474
Write Logs: (Duo Tone) has changed by user id: 714, Time: 2021-11-17 09:33:52|| Term id: 553
Write Logs: (Duo Tone) has changed by user id: 714, Time: 2021-11-17 09:33:52|| Term id: 553Description updated: (Tis the season for gifting. Perfect as gifts for your loved ones this Christmas) has changed by user id: 714, Time: 2021-11-17 09:33:52|| Term id: 553
Write Logs: (Duo Tone) has changed by user id: 714, Time: 2021-11-17 09:38:27|| Term id: 553
Write Logs: (Duo Tone) has changed by user id: 714, Time: 2021-11-17 09:38:27|| Term id: 553Description updated: (Tis the season for gifting. Perfect as gifts for your loved ones this Christmas) has changed by user id: 714, Time: 2021-11-17 09:38:27|| Term id: 553
Write Logs: (Duo Tone) has changed by user id: 714, Time: 2021-11-17 09:53:45|| Term id: 552
Write Logs: (Duo Tone) has changed by user id: 714, Time: 2021-11-17 09:53:45|| Term id: 552Description updated: (Tis the season for gifting. Perfect as gifts for your loved ones this Christmas) has changed by user id: 714, Time: 2021-11-17 09:53:45|| Term id: 552
Write Logs: (Duo Tone) has changed by user id: 714, Time: 2021-11-17 09:56:39|| Term id: 551
Write Logs: (Duo Tone) has changed by user id: 714, Time: 2021-11-17 09:56:39|| Term id: 551Description updated: (Tis the season for gifting. Perfect as gifts for your loved ones this Christmas) has changed by user id: 714, Time: 2021-11-17 09:56:39|| Term id: 551
Write Logs: (Empty Field Content.) has changed by user id: 714, Time: 2021-11-17 09:57:04|| Term id: 551
Write Logs: (Empty Field Content.) has changed by user id: 714, Time: 2021-11-17 09:57:04|| Term id: 551Description updated: (Tis the season for gifting. Perfect as gifts for your loved ones this Christmas) has changed by user id: 714, Time: 2021-11-17 09:57:04|| Term id: 551
Write Logs: (Empty Field Content.) has changed by user id: 714, Time: 2021-11-17 09:57:06|| Term id: 553
Write Logs: (Empty Field Content.) has changed by user id: 714, Time: 2021-11-17 09:57:06|| Term id: 553Description updated: (Tis the season for gifting. Perfect as gifts for your loved ones this Christmas) has changed by user id: 714, Time: 2021-11-17 09:57:06|| Term id: 553
Write Logs: (Empty Field Content.) has changed by user id: 714, Time: 2021-11-17 09:57:07|| Term id: 552
Write Logs: (Empty Field Content.) has changed by user id: 714, Time: 2021-11-17 09:57:07|| Term id: 552Description updated: (Tis the season for gifting. Perfect as gifts for your loved ones this Christmas) has changed by user id: 714, Time: 2021-11-17 09:57:07|| Term id: 552
Write Logs: (Empty Field Content.) has changed by user id: 169, Time: 2021-11-18 01:44:05|| Term id: 551
Write Logs: (Empty Field Content.) has changed by user id: 169, Time: 2021-11-18 01:44:05|| Term id: 551Description updated: (Tis the season for gifting. Perfect as gifts for your loved ones this Christmas) has changed by user id: 169, Time: 2021-11-18 01:44:05|| Term id: 551
Write Logs: (LVC 9TwentyFive) has changed by user id: 9, Time: 2021-11-23 02:36:21|| Term id: 314
Write Logs: (LVC 9TwentyFive) has changed by user id: 9, Time: 2021-11-23 02:36:21|| Term id: 314Description updated: (Style in our classy yet stylish 925 sterling silver jewellery in Singapore with Love & Co.\'s necklace, bracelets, bangles, and rings for both men and women.) has changed by user id: 9, Time: 2021-11-23 02:36:21|| Term id: 314
Write Logs: (LVC 9TwentyFive) has changed by user id: 9, Time: 2021-11-23 02:37:43|| Term id: 314
Write Logs: (LVC 9TwentyFive) has changed by user id: 9, Time: 2021-11-23 02:37:43|| Term id: 314Description updated: (Style in our classy yet stylish 925 sterling silver jewellery in Singapore with Love & Co.\'s necklace, bracelets, bangles, and rings for both men and women.) has changed by user id: 9, Time: 2021-11-23 02:37:43|| Term id: 314
Write Logs: (LVC 9TwentyFive) has changed by user id: 9, Time: 2021-11-23 02:38:03|| Term id: 314
Write Logs: (LVC 9TwentyFive) has changed by user id: 9, Time: 2021-11-23 02:38:03|| Term id: 314Description updated: (Style in our classy yet stylish 925 sterling silver jewellery in Singapore with Love & Co.\'s necklace, bracelets, bangles, and rings for both men and women.) has changed by user id: 9, Time: 2021-11-23 02:38:03|| Term id: 314
Write Logs: (LVC 9TwentyFive) has changed by user id: 9, Time: 2021-11-23 02:38:52|| Term id: 314
Write Logs: (LVC 9TwentyFive) has changed by user id: 9, Time: 2021-11-23 02:38:52|| Term id: 314Description updated: (Style in our classy yet stylish 925 sterling silver jewellery in Singapore with Love & Co.\'s necklace, bracelets, bangles, and rings for both men and women.) has changed by user id: 9, Time: 2021-11-23 02:38:52|| Term id: 314
Write Logs: (LVC 9TwentyFive) has changed by user id: 9, Time: 2021-11-23 02:43:12|| Term id: 314
Write Logs: (LVC 9TwentyFive) has changed by user id: 9, Time: 2021-11-23 02:43:12|| Term id: 314Description updated: (Style in our classy yet stylish 925 sterling silver jewellery in Singapore with Love & Co.\'s necklace, bracelets, bangles, and rings for both men and women.) has changed by user id: 9, Time: 2021-11-23 02:43:12|| Term id: 314
Description updated: (Shop up with Love & Co.\'s online exclusive collection, from necklaces, pendants, charms, bracelets that are only available on our e-store.) has changed by user id: 9, Time: 2021-11-23 02:45:45|| Term id: 464
Description updated: (Shop up with Love & Co.\'s online exclusive collection, from necklaces, pendants, charms, bracelets that are only available on our e-store.) has changed by user id: 9, Time: 2021-11-23 02:47:08|| Term id: 464
Write Logs: (Engravables) has changed by user id: 9, Time: 2021-11-23 03:44:29|| Term id: 348
Write Logs: (Engravables) has changed by user id: 9, Time: 2021-11-23 03:44:29|| Term id: 348Description updated: (Embrace uniqueness with LVC\'s custom-made adjustable or signet rings for both men and women. Find them in 925 silver or rose gold plating in Singapore stores.) has changed by user id: 9, Time: 2021-11-23 03:44:29|| Term id: 348
Write Logs: (Engravables) has changed by user id: 9, Time: 2021-11-23 03:49:20|| Term id: 348
Write Logs: (Engravables) has changed by user id: 9, Time: 2021-11-23 03:49:20|| Term id: 348Description updated: (Embrace uniqueness with LVC\'s custom-made adjustable or signet rings for both men and women. Find them in 925 silver or rose gold plating in Singapore stores.) has changed by user id: 9, Time: 2021-11-23 03:49:20|| Term id: 348
Description updated: (Symbolic of an unending union, wedding bands are the hallmarks of any wedding. Explore men\'s and women\'s rings here to find the perfect one to tell your story.) has changed by user id: 9, Time: 2021-11-23 06:51:00|| Term id: 124
Description updated: (Symbolic of an unending union, wedding bands are the hallmarks of any wedding. Explore men\'s and women\'s rings here to find the perfect one to tell your story.) has changed by user id: 9, Time: 2021-11-23 06:51:55|| Term id: 124
Write Logs: (Empty Field Content.) has changed by user id: 9, Time: 2021-11-23 09:16:54|| Term id: 182
Write Logs: (Empty Field Content.) has changed by user id: 9, Time: 2021-11-23 09:16:54|| Term id: 182Description updated: (Description Empty.) has changed by user id: 9, Time: 2021-11-23 09:16:54|| Term id: 182
Write Logs: (Empty Field Content.) has changed by user id: 9, Time: 2021-11-23 09:17:19|| Term id: 182
Write Logs: (Empty Field Content.) has changed by user id: 9, Time: 2021-11-23 09:17:19|| Term id: 182Description updated: (Description Empty.) has changed by user id: 9, Time: 2021-11-23 09:17:19|| Term id: 182
Write Logs: (Empty Field Content.) has changed by user id: 9, Time: 2021-11-23 09:17:45|| Term id: 182
Write Logs: (Empty Field Content.) has changed by user id: 9, Time: 2021-11-23 09:17:45|| Term id: 182Description updated: (Description Empty.) has changed by user id: 9, Time: 2021-11-23 09:17:45|| Term id: 182
Write Logs: (Empty Field Content.) has changed by user id: 129, Time: 2021-11-23 10:42:26|| Term id: 267
Write Logs: (Empty Field Content.) has changed by user id: 129, Time: 2021-11-23 10:42:26|| Term id: 267Description updated: (Representing the notion of tying the knot, the LVC Noeud collection features delicate bows that expresses chic and femininity.) has changed by user id: 129, Time: 2021-11-23 10:42:26|| Term id: 267
Write Logs: (Empty Field Content.) has changed by user id: 129, Time: 2021-11-23 10:43:22|| Term id: 265
Write Logs: (Empty Field Content.) has changed by user id: 129, Time: 2021-11-23 10:43:22|| Term id: 265Description updated: (Beautifully crafted using advanced technology and the hands of our master craftsman, LVC Promise collection symbolizes an unwavering bonding between two.) has changed by user id: 129, Time: 2021-11-23 10:43:22|| Term id: 265
Description updated: (Description Empty.) has changed by user id: 8, Time: 2021-11-24 08:03:25|| Term id: 461
Description updated: (Description Empty.) has changed by user id: 8, Time: 2021-11-24 08:26:08|| Term id: 461
Description updated: (Description Empty.) has changed by user id: 8, Time: 2021-11-24 09:53:46|| Term id: 461
Description updated: (Description Empty.) has changed by user id: 8, Time: 2021-11-24 09:55:27|| Term id: 461
Description updated: (The perfect ring you are looking for is right here. Be spoilt for choice with our range of diamond rings, wedding bands, or trendy statement rings in Singapore.) has changed by user id: 8, Time: 2021-11-24 09:55:41|| Term id: 191
Description updated: (The perfect ring you are looking for is right here. Be spoilt for choice with our range of diamond rings, wedding bands, or trendy statement rings in Singapore.) has changed by user id: 8, Time: 2021-11-25 01:01:51|| Term id: 191
Description updated: (The perfect ring you are looking for is right here. Be spoilt for choice with our range of diamond rings, wedding bands, or trendy statement rings in Singapore.) has changed by user id: 8, Time: 2021-11-25 01:02:10|| Term id: 191
Description updated: (Description Empty.) has changed by user id: 8, Time: 2021-11-25 03:02:04|| Term id: 437
Description updated: (Description Empty.) has changed by user id: 8, Time: 2021-11-25 03:02:35|| Term id: 437
Description updated: (The perfect ring you are looking for is right here. Be spoilt for choice with our range of diamond rings, wedding bands, or trendy statement rings in Singapore.) has changed by user id: 8, Time: 2021-11-25 03:38:05|| Term id: 191
Description updated: (Description Empty.) has changed by user id: 714, Time: 2021-11-25 04:56:28|| Term id: 555
Description updated: (Description Empty.) has changed by user id: 714, Time: 2021-11-25 04:56:59|| Term id: 554
Write Logs: (LVC Purete) has changed by user id: 74, Time: 2021-11-26 04:37:24|| Term id: 187
Write Logs: (LVC Purete) has changed by user id: 74, Time: 2021-11-26 04:37:24|| Term id: 187Description updated: (Express your love and affection for your significant other with an extensive line of well-crafted platinum rings in Singapore. Our uniquely styled rings are simple but come with superlative quality and intricate details that will leave you speechless – and bring you everlasting romance.) has changed by user id: 74, Time: 2021-11-26 04:37:24|| Term id: 187
Write Logs: (LVC Purete) has changed by user id: 74, Time: 2021-11-26 04:39:26|| Term id: 187
Write Logs: (LVC Purete) has changed by user id: 74, Time: 2021-11-26 04:39:26|| Term id: 187Description updated: (Express your love and affection for your significant other with an extensive line of well-crafted platinum rings in Singapore. Our uniquely styled rings are simple but come with superlative quality and intricate details that will leave you speechless – and bring you everlasting romance.) has changed by user id: 74, Time: 2021-11-26 04:39:26|| Term id: 187
Write Logs: (Lovemarque) has changed by user id: 74, Time: 2021-11-26 05:22:50|| Term id: 195
Write Logs: (Lovemarque) has changed by user id: 74, Time: 2021-11-26 05:22:50|| Term id: 195Description updated: (Catch Love & Co.\'s signature Lovemarque diamonds in action, set in lovingly crafted 18K rose or white gold rings, a perfect complement to your engagement story.) has changed by user id: 74, Time: 2021-11-26 05:22:50|| Term id: 195
Write Logs: (Lovemarque) has changed by user id: 74, Time: 2021-11-26 05:23:18|| Term id: 195
Write Logs: (Lovemarque) has changed by user id: 74, Time: 2021-11-26 05:23:18|| Term id: 195Description updated: (Catch Love & Co.\'s signature Lovemarque diamonds in action, set in lovingly crafted 18K rose or white gold rings, a perfect complement to your engagement story.) has changed by user id: 74, Time: 2021-11-26 05:23:18|| Term id: 195
Write Logs: (LVC 9TwentyFive) has changed by user id: 74, Time: 2021-11-26 05:25:35|| Term id: 314
Write Logs: (LVC 9TwentyFive) has changed by user id: 74, Time: 2021-11-26 05:25:35|| Term id: 314Description updated: (Style in our classy yet stylish 925 sterling silver jewellery in Singapore with Love & Co.\'s necklace, bracelets, bangles, and rings for both men and women.) has changed by user id: 74, Time: 2021-11-26 05:25:35|| Term id: 314
Write Logs: (Engravables) has changed by user id: 74, Time: 2021-11-26 05:27:01|| Term id: 348
Write Logs: (Engravables) has changed by user id: 74, Time: 2021-11-26 05:27:01|| Term id: 348Description updated: (Embrace uniqueness with LVC\'s custom-made adjustable or signet rings for both men and women. Find them in 925 silver or rose gold plating in Singapore stores.) has changed by user id: 74, Time: 2021-11-26 05:27:01|| Term id: 348
Description updated: (Description Empty.) has changed by user id: 714, Time: 2021-11-29 08:28:58|| Term id: 206
Write Logs: (Empty Field Content.) has changed by user id: 9, Time: 2021-11-30 10:03:01|| Term id: 551
Write Logs: (Empty Field Content.) has changed by user id: 9, Time: 2021-11-30 10:03:01|| Term id: 551Description updated: (Tis the season for gifting. Perfect as gifts for your loved ones this Christmas) has changed by user id: 9, Time: 2021-11-30 10:03:01|| Term id: 551
Write Logs: (Empty Field Content.) has changed by user id: 9, Time: 2021-11-30 10:03:43|| Term id: 552
Write Logs: (Empty Field Content.) has changed by user id: 9, Time: 2021-11-30 10:03:43|| Term id: 552Description updated: (Tis the season for gifting. Perfect as gifts for your loved ones this Christmas) has changed by user id: 9, Time: 2021-11-30 10:03:43|| Term id: 552
Write Logs: (Empty Field Content.) has changed by user id: 9, Time: 2021-11-30 10:04:26|| Term id: 553
Write Logs: (Empty Field Content.) has changed by user id: 9, Time: 2021-11-30 10:04:26|| Term id: 553Description updated: (Tis the season for gifting. Perfect as gifts for your loved ones this Christmas) has changed by user id: 9, Time: 2021-11-30 10:04:26|| Term id: 553
Write Logs: (Empty Field Content.) has changed by user id: 9, Time: 2021-11-30 10:04:56|| Term id: 553
Write Logs: (Empty Field Content.) has changed by user id: 9, Time: 2021-11-30 10:04:56|| Term id: 553Description updated: (Tis the season for gifting. Perfect as gifts for your loved ones this Christmas) has changed by user id: 9, Time: 2021-11-30 10:04:56|| Term id: 553
Description updated: (Grab the best bang for your buck with our curated jewellery selections under $300 in Singapore. Shop rings, necklaces, earrings, and bangles conveniently online.) has changed by user id: 9, Time: 2021-12-28 01:58:09|| Term id: 207
Write Logs: (Empty Field Content.) has changed by user id: 9, Time: 2022-01-17 02:57:00|| Term id: 264
Write Logs: (Empty Field Content.) has changed by user id: 9, Time: 2022-01-17 02:57:00|| Term id: 264Description updated: (The proposal rings from our LVC Promise Collection in Singapore unite couples together to promise an everlasting union. Beautifully crafted using advanced technology and the hands of our master craftsman, LVC Promise Ring symbolizes an unwavering bonding between two.) has changed by user id: 9, Time: 2022-01-17 02:57:00|| Term id: 264
Write Logs: (Empty Field Content.) has changed by user id: 9, Time: 2022-01-17 02:57:52|| Term id: 187
Write Logs: (Empty Field Content.) has changed by user id: 9, Time: 2022-01-17 02:57:52|| Term id: 187Description updated: (Express your love and affection for your significant other with an extensive line of well-crafted platinum rings in Singapore. Our uniquely styled rings are simple but come with superlative quality and intricate details that will leave you speechless – and bring you everlasting romance.) has changed by user id: 9, Time: 2022-01-17 02:57:52|| Term id: 187
Write Logs: (Empty Field Content.) has changed by user id: 9, Time: 2022-01-17 06:27:30|| Term id: 1410
Write Logs: (Empty Field Content.) has changed by user id: 9, Time: 2022-01-17 06:27:30|| Term id: 1410Description updated: (Modern & delicate jewellery to celebrate love between couples this Valentine\'s day) has changed by user id: 9, Time: 2022-01-17 06:27:30|| Term id: 1410
Write Logs: (Empty Field Content.) has changed by user id: 9, Time: 2022-01-17 06:53:55|| Term id: 1410
Write Logs: (Empty Field Content.) has changed by user id: 9, Time: 2022-01-17 06:53:55|| Term id: 1410Description updated: (Modern & delicate jewellery to celebrate love between couples this Valentine\'s day) has changed by user id: 9, Time: 2022-01-17 06:53:55|| Term id: 1410
Write Logs: (Empty Field Content.) has changed by user id: 9, Time: 2022-01-18 09:13:13|| Term id: 195
Write Logs: (Empty Field Content.) has changed by user id: 9, Time: 2022-01-18 09:13:13|| Term id: 195Description updated: (Catch Love & Co.\'s signature Lovemarque diamonds in action, set in lovingly crafted 18K rose or white gold rings, a perfect complement to your engagement story.) has changed by user id: 9, Time: 2022-01-18 09:13:13|| Term id: 195
Write Logs: (Empty Field Content.) has changed by user id: 9, Time: 2022-01-18 09:14:17|| Term id: 196
Write Logs: (Empty Field Content.) has changed by user id: 9, Time: 2022-01-18 09:14:17|| Term id: 196Description updated: (Experience guilt-free jewellery in Singapore with our lab-grown diamond range, LVC Precieux, in a variety of beautiful styles to match every mood and look.) has changed by user id: 9, Time: 2022-01-18 09:14:17|| Term id: 196
Description updated: (Find the perfect gift for that special someone with our under-$500 jewellery selection. Enjoy free shipping and a 7-days return policy when you purchase online.) has changed by user id: 9, Time: 2022-01-18 09:20:52|| Term id: 208
Description updated: (Looking for a gift to impress? Explore our list of under-$1000 jewellery, from 18K gold accessories to trendy rings, earrings, and bracelets in Singapore.) has changed by user id: 9, Time: 2022-01-18 09:21:27|| Term id: 209
Description updated: (Description Empty.) has changed by user id: 74, Time: 2022-01-19 08:36:47|| Term id: 474
Description updated: (Have a diamond proposal ring like no other when you design your own ring! Make your custom engagement ring a reality at Love & Co. Singapore, with our bespoke ring customization and engraving services.) has changed by user id: 74, Time: 2022-01-19 08:37:18|| Term id: 474
Write Logs: (Signum Rings) has changed by user id: 107, Time: 2022-02-04 01:24:10|| Term id: 348
Write Logs: (Signum Rings) has changed by user id: 107, Time: 2022-02-04 01:24:10|| Term id: 348Description updated: (Embrace uniqueness with LVC\'s custom-made adjustable or signet rings for both men and women. Find them in 925 silver or rose gold plating in Singapore stores.) has changed by user id: 107, Time: 2022-02-04 01:24:10|| Term id: 348
Write Logs: (Signum Rings) has changed by user id: 107, Time: 2022-02-04 01:24:39|| Term id: 348
Write Logs: (Signum Rings) has changed by user id: 107, Time: 2022-02-04 01:24:39|| Term id: 348Description updated: (Embrace uniqueness with LVC\'s custom-made adjustable or signet rings for both men and women. Find them in 925 silver or rose gold plating in Singapore stores.) has changed by user id: 107, Time: 2022-02-04 01:24:39|| Term id: 348
Write Logs: (Signum Rings) has changed by user id: 107, Time: 2022-02-04 01:25:55|| Term id: 348
Write Logs: (Signum Rings) has changed by user id: 107, Time: 2022-02-04 01:25:55|| Term id: 348Description updated: (Embrace uniqueness with LVC\'s custom-made adjustable or signet rings for both men and women. Find them in 925 silver or rose gold plating in Singapore stores.) has changed by user id: 107, Time: 2022-02-04 01:25:55|| Term id: 348
Write Logs: (Signum Rings) has changed by user id: 107, Time: 2022-02-04 01:26:01|| Term id: 348
Write Logs: (Signum Rings) has changed by user id: 107, Time: 2022-02-04 01:26:01|| Term id: 348Description updated: (Embrace uniqueness with LVC\'s custom-made adjustable or signet rings for both men and women. Find them in 925 silver or rose gold plating in Singapore stores.) has changed by user id: 107, Time: 2022-02-04 01:26:01|| Term id: 348
Write Logs: (LVC 9TwentyFive) has changed by user id: 107, Time: 2022-02-04 01:28:06|| Term id: 314
Write Logs: (LVC 9TwentyFive) has changed by user id: 107, Time: 2022-02-04 01:28:06|| Term id: 314Description updated: (Style in our classy yet stylish 925 sterling silver jewellery in Singapore with Love & Co.\'s necklace, bracelets, bangles, and rings for both men and women.) has changed by user id: 107, Time: 2022-02-04 01:28:06|| Term id: 314
Write Logs: (LVC 9TwentyFive) has changed by user id: 107, Time: 2022-02-04 02:57:36|| Term id: 314
Write Logs: (LVC 9TwentyFive) has changed by user id: 107, Time: 2022-02-04 02:57:36|| Term id: 314Description updated: (Style in our classy yet stylish 925 sterling silver jewellery in Singapore with Love & Co.\'s necklace, bracelets, bangles, and rings for both men and women.) has changed by user id: 107, Time: 2022-02-04 02:57:36|| Term id: 314
Write Logs: (Signum Rings) has changed by user id: 107, Time: 2022-02-04 08:44:45|| Term id: 348
Write Logs: (Signum Rings) has changed by user id: 107, Time: 2022-02-04 08:44:45|| Term id: 348Description updated: (Embrace uniqueness with LVC\'s custom-made adjustable or signet rings for both men and women. Find them in 925 silver or rose gold plating in Singapore stores.) has changed by user id: 107, Time: 2022-02-04 08:44:45|| Term id: 348
Description updated: (Have a diamond proposal ring like no other when you design your own ring! Make your custom engagement ring a reality at Love & Co. Singapore, with our bespoke ring customization and engraving services.) has changed by user id: 129, Time: 2022-02-15 09:21:55|| Term id: 474
Description updated: (Shop up with Love & Co.\'s online exclusive collection, from necklaces, pendants, charms, bracelets that are only available on our e-store.) has changed by user id: 129, Time: 2022-02-15 09:22:22|| Term id: 464
Description updated: (Style up your outfit with Love & Co.\'s necklaces and pendants. From the cute to the classy, they are ideal for stacking and matching with other jewellery.) has changed by user id: 129, Time: 2022-02-15 09:23:08|| Term id: 192
Description updated: (Add sparkle to your look with Love & Co.\'s earrings, offering styles from the subtle to the glamourous. Browse the collection online or in Singapore stores now.) has changed by user id: 129, Time: 2022-02-15 09:23:37|| Term id: 193
Description updated: (Stack and style to your heart\'s content with Love & Co.\'s bracelet and bangle selections. Customisation is also available for selected styles in Singapore.) has changed by user id: 129, Time: 2022-02-15 09:24:00|| Term id: 194
Description updated: (Don\'t miss out on our latest arrivals at Love & Co. Singapore! Discover our new jewellery launches in one place, and be the first to add them to your collection.) has changed by user id: 129, Time: 2022-02-15 09:24:32|| Term id: 190
Description updated: (The perfect ring you are looking for is right here. Be spoilt for choice with our range of diamond rings, wedding bands, or trendy statement rings in Singapore.) has changed by user id: 129, Time: 2022-02-15 09:24:57|| Term id: 191
Description updated: (Symbolic of an unending union, wedding bands are the hallmarks of any wedding. Explore men\'s and women\'s rings here to find the perfect one to tell your story.) has changed by user id: 129, Time: 2022-02-15 09:26:21|| Term id: 124
Description updated: (The perfect match awaits you here. Discover classic and striking men\'s wedding bands in brilliantly crafted 18K rose gold or white gold at Love & Co. Singapore.) has changed by user id: 129, Time: 2022-02-15 09:26:56|| Term id: 198
Description updated: (From the dainty to the glamourously bold, our wedding bands satisfy every style and personality. Take your pick from our women\'s rings collection in Singapore.) has changed by user id: 129, Time: 2022-02-15 09:27:10|| Term id: 197
Write Logs: (Pendant Charms) has changed by user id: 107, Time: 2022-02-17 04:21:22|| Term id: 340
Write Logs: (Pendant Charms) has changed by user id: 107, Time: 2022-02-17 04:21:22|| Term id: 340Description updated: (Timeless & contemporary, personalize your 925 sterling silver jewellery with our chic charms. Perfect for you to wear it anytime any day.) has changed by user id: 107, Time: 2022-02-17 04:21:22|| Term id: 340
Write Logs: (Empty Field Content.) has changed by user id: 107, Time: 2022-02-17 04:21:58|| Term id: 340
Write Logs: (Empty Field Content.) has changed by user id: 107, Time: 2022-02-17 04:21:58|| Term id: 340Description updated: (Timeless & contemporary, personalize your 925 sterling silver jewellery with our chic charms. Perfect for you to wear it anytime any day.) has changed by user id: 107, Time: 2022-02-17 04:21:58|| Term id: 340
Write Logs: (Empty Field Content.) has changed by user id: 107, Time: 2022-02-22 02:48:58|| Term id: 340
Write Logs: (Empty Field Content.) has changed by user id: 107, Time: 2022-02-22 02:48:58|| Term id: 340Description updated: (Timeless & contemporary, personalize your 925 sterling silver jewellery with our chic charms. Perfect for you to wear it anytime any day.) has changed by user id: 107, Time: 2022-02-22 02:48:58|| Term id: 340
Write Logs: (Empty Field Content.) has changed by user id: 107, Time: 2022-02-22 02:49:31|| Term id: 340
Write Logs: (Empty Field Content.) has changed by user id: 107, Time: 2022-02-22 02:49:31|| Term id: 340Description updated: (Timeless & contemporary, personalize your 925 sterling silver jewellery with our chic charms. Perfect for you to wear it anytime any day.) has changed by user id: 107, Time: 2022-02-22 02:49:31|| Term id: 340
Write Logs: (Empty Field Content.) has changed by user id: 129, Time: 2022-02-22 03:26:47|| Term id: 195
Write Logs: (Empty Field Content.) has changed by user id: 129, Time: 2022-02-22 03:26:47|| Term id: 195Description updated: (Description Empty.) has changed by user id: 129, Time: 2022-02-22 03:26:47|| Term id: 195
Write Logs: (Empty Field Content.) has changed by user id: 107, Time: 2022-02-22 04:16:45|| Term id: 340
Write Logs: (Empty Field Content.) has changed by user id: 107, Time: 2022-02-22 04:16:45|| Term id: 340Description updated: (Timeless & contemporary, personalize your 925 sterling silver jewellery with our chic charms. Perfect for you to wear it anytime any day.) has changed by user id: 107, Time: 2022-02-22 04:16:45|| Term id: 340
Write Logs: (Empty Field Content.) has changed by user id: 107, Time: 2022-02-22 04:22:08|| Term id: 340
Write Logs: (Empty Field Content.) has changed by user id: 107, Time: 2022-02-22 04:22:08|| Term id: 340Description updated: (Timeless & contemporary, personalize your 925 sterling silver jewellery with our chic charms. Perfect for you to wear it anytime any day.) has changed by user id: 107, Time: 2022-02-22 04:22:08|| Term id: 340
Write Logs: (Empty Field Content.) has changed by user id: 107, Time: 2022-02-22 04:25:36|| Term id: 340
Write Logs: (Empty Field Content.) has changed by user id: 107, Time: 2022-02-22 04:25:36|| Term id: 340Description updated: (Timeless & contemporary, personalize your 925 sterling silver jewellery with our chic charms. Perfect for you to wear it anytime any day.) has changed by user id: 107, Time: 2022-02-22 04:25:36|| Term id: 340
Write Logs: (Empty Field Content.) has changed by user id: 107, Time: 2022-02-22 04:35:11|| Term id: 340
Write Logs: (Empty Field Content.) has changed by user id: 107, Time: 2022-02-22 04:35:11|| Term id: 340Description updated: (Timeless & contemporary, personalize your 925 sterling silver jewellery with our chic charms. Perfect for you to wear it anytime any day.) has changed by user id: 107, Time: 2022-02-22 04:35:11|| Term id: 340
Write Logs: (Empty Field Content.) has changed by user id: 107, Time: 2022-02-22 04:36:30|| Term id: 340
Write Logs: (Empty Field Content.) has changed by user id: 107, Time: 2022-02-22 04:36:30|| Term id: 340Description updated: (Timeless & contemporary, personalize your 925 sterling silver jewellery with our chic charms. Perfect for you to wear it anytime any day.) has changed by user id: 107, Time: 2022-02-22 04:36:30|| Term id: 340
Write Logs: (Empty Field Content.) has changed by user id: 107, Time: 2022-02-22 04:36:59|| Term id: 340
Write Logs: (Empty Field Content.) has changed by user id: 107, Time: 2022-02-22 04:36:59|| Term id: 340Description updated: (Timeless & contemporary, personalize your 925 sterling silver jewellery with our chic charms. Perfect for you to wear it anytime any day.) has changed by user id: 107, Time: 2022-02-22 04:36:59|| Term id: 340
Description updated: (Style up your outfit with Love & Co.\'s necklaces and pendants. From the cute to the classy, they are ideal for stacking and matching with other jewellery.) has changed by user id: 107, Time: 2022-02-22 10:25:52|| Term id: 192
Description updated: (Style up your outfit with Love & Co.\'s necklaces and pendants. From the cute to the classy, they are ideal for stacking and matching with other jewellery.) has changed by user id: 107, Time: 2022-02-22 10:26:59|| Term id: 192
Description updated: (Style up your outfit with Love & Co.\'s necklaces and pendants. From the cute to the classy, they are ideal for stacking and matching with other jewellery.) has changed by user id: 714, Time: 2022-02-22 13:47:10|| Term id: 192
Description updated: (Style up your outfit with Love & Co.\'s necklaces and pendants. From the cute to the classy, they are ideal for stacking and matching with other jewellery.) has changed by user id: 714, Time: 2022-02-22 13:47:30|| Term id: 192
Description updated: (Style up your outfit with Love & Co.\'s necklaces and pendants. From the cute to the classy, they are ideal for stacking and matching with other jewellery.) has changed by user id: 714, Time: 2022-02-22 13:51:12|| Term id: 192
Description updated: (Stack and style to your heart\'s content with Love & Co.\'s bracelet and bangle selections. Customisation is also available for selected styles in Singapore.) has changed by user id: 107, Time: 2022-02-23 01:34:11|| Term id: 194
Description updated: (Add sparkle to your look with Love & Co.\'s earrings, offering styles from the subtle to the glamourous. Browse the collection online or in Singapore stores now.) has changed by user id: 107, Time: 2022-02-23 01:34:53|| Term id: 193
Description updated: (The perfect ring you are looking for is right here. Be spoilt for choice with our range of diamond rings, wedding bands, or trendy statement rings in Singapore.) has changed by user id: 107, Time: 2022-02-23 01:36:07|| Term id: 191
Description updated: (Shop up with Love & Co.\'s online exclusive collection, from necklaces, pendants, charms, bracelets that are only available on our e-store.) has changed by user id: 107, Time: 2022-02-23 01:36:42|| Term id: 464
Write Logs: (Empty Field Content.) has changed by user id: 107, Time: 2022-03-01 08:47:15|| Term id: 177
Write Logs: (Empty Field Content.) has changed by user id: 107, Time: 2022-03-01 08:47:15|| Term id: 177Description updated: (Delight and fascinate her with the LVC Charmes collection. Intricately designed and carefully crafted to make hearts fly.) has changed by user id: 107, Time: 2022-03-01 08:47:15|| Term id: 177
Write Logs: (Empty Field Content.) has changed by user id: 107, Time: 2022-03-01 08:47:31|| Term id: 177
Write Logs: (Empty Field Content.) has changed by user id: 107, Time: 2022-03-01 08:47:31|| Term id: 177Description updated: (Delight and fascinate her with the LVC Charmes collection. Intricately designed and carefully crafted to make hearts fly.) has changed by user id: 107, Time: 2022-03-01 08:47:31|| Term id: 177
Write Logs: (Empty Field Content.) has changed by user id: 107, Time: 2022-03-01 08:48:26|| Term id: 177
Write Logs: (Empty Field Content.) has changed by user id: 107, Time: 2022-03-01 08:48:26|| Term id: 177Description updated: (Delight and fascinate her with the LVC Charmes collection. Intricately designed and carefully crafted to make hearts fly.) has changed by user id: 107, Time: 2022-03-01 08:48:26|| Term id: 177
Write Logs: (LVC 9TwentyFive) has changed by user id: 129, Time: 2022-03-02 07:25:02|| Term id: 314
Write Logs: (LVC 9TwentyFive) has changed by user id: 129, Time: 2022-03-02 07:25:02|| Term id: 314Description updated: (Description Empty.) has changed by user id: 129, Time: 2022-03-02 07:25:02|| Term id: 314
Write Logs: (Empty Field Content.) has changed by user id: 129, Time: 2022-03-02 07:26:40|| Term id: 196
Write Logs: (Empty Field Content.) has changed by user id: 129, Time: 2022-03-02 07:26:40|| Term id: 196Description updated: (Description Empty.) has changed by user id: 129, Time: 2022-03-02 07:26:40|| Term id: 196
Write Logs: (Empty Field Content.) has changed by user id: 129, Time: 2022-03-02 07:26:53|| Term id: 264
Write Logs: (Empty Field Content.) has changed by user id: 129, Time: 2022-03-02 07:26:53|| Term id: 264Description updated: (Description Empty.) has changed by user id: 129, Time: 2022-03-02 07:26:53|| Term id: 264
Write Logs: (Empty Field Content.) has changed by user id: 129, Time: 2022-03-02 07:27:04|| Term id: 187
Write Logs: (Empty Field Content.) has changed by user id: 129, Time: 2022-03-02 07:27:04|| Term id: 187Description updated: (Description Empty.) has changed by user id: 129, Time: 2022-03-02 07:27:04|| Term id: 187
Description updated: (Description Empty.) has changed by user id: 129, Time: 2022-03-02 09:58:09|| Term id: 194
Description updated: (Description Empty.) has changed by user id: 129, Time: 2022-03-02 09:59:31|| Term id: 209
Description updated: (Description Empty.) has changed by user id: 129, Time: 2022-03-02 09:59:47|| Term id: 207
Description updated: (Description Empty.) has changed by user id: 129, Time: 2022-03-02 10:00:00|| Term id: 208
Description updated: (Description Empty.) has changed by user id: 129, Time: 2022-03-02 10:00:10|| Term id: 209
Description updated: (Symbolic of an unending union, wedding bands are the hallmarks of any wedding. Explore men\'s and women\'s rings here to find the perfect one to tell your story.) has changed by user id: 129, Time: 2022-03-02 10:01:45|| Term id: 124
Description updated: (Description Empty.) has changed by user id: 129, Time: 2022-03-02 10:11:47|| Term id: 194
Description updated: (Description Empty.) has changed by user id: 129, Time: 2022-03-03 09:12:15|| Term id: 325
Description updated: (Looking for a gift to impress? Explore our list of under $1000 jewellery, from 18K gold accessories to trendy rings, earrings, and bracelets in Singapore.) has changed by user id: 129, Time: 2022-03-03 09:13:30|| Term id: 209
Description updated: (Grab the best bang for your buck with our curated jewellery selections under $300 in Singapore. Shop rings, necklaces, earrings, and bangles conveniently online.) has changed by user id: 129, Time: 2022-03-03 09:14:11|| Term id: 207
Description updated: (Find the perfect gift for that special someone with our under-$500 jewellery selection. Enjoy free shipping and a 7-days return policy when you purchase online.) has changed by user id: 129, Time: 2022-03-03 09:14:39|| Term id: 208
Description updated: (Have a diamond proposal ring like no other when you design your own ring! Make your custom engagement ring a reality at Love & Co. Singapore, with our bespoke ring customization and engraving services.) has changed by user id: 129, Time: 2022-03-03 09:21:11|| Term id: 474
Description updated: (Timeless & contemporary, personalize your 925 sterling silver jewellery with our chic charms. Perfect for you to wear it anytime any day.) has changed by user id: 129, Time: 2022-03-07 08:06:53|| Term id: 1422
Description updated: (Timeless & contemporary, personalize your 925 sterling silver jewellery with our chic charms. Perfect for you to wear it anytime any day.) has changed by user id: 129, Time: 2022-03-07 08:09:59|| Term id: 1422
Description updated: (Embrace uniqueness with LVC’s custom-made adjustable or signet rings for both men and women. Find them in 925 silver or rose gold plating in Singapore stores.) has changed by user id: 129, Time: 2022-03-07 08:13:18|| Term id: 1424
Description updated: (Embrace uniqueness with LVC’s custom-made adjustable or signet rings for both men and women. Find them in 925 silver or rose gold plating in Singapore stores.) has changed by user id: 129, Time: 2022-03-07 08:14:35|| Term id: 1424
Write Logs: (LVC 9TwentyFive) has changed by user id: 107, Time: 2022-03-24 02:11:30|| Term id: 314
Write Logs: (LVC 9TwentyFive) has changed by user id: 107, Time: 2022-03-24 02:11:30|| Term id: 314Description updated: (Style in our classy yet stylish 925 sterling silver jewellery in Singapore with Love & Co.\'s necklace, bracelets, bangles, and rings for both men and women.) has changed by user id: 107, Time: 2022-03-24 02:11:30|| Term id: 314
Write Logs: (Empty Field Content.) has changed by user id: 129, Time: 2022-03-24 04:10:38|| Term id: 195
Write Logs: (Empty Field Content.) has changed by user id: 129, Time: 2022-03-24 04:10:38|| Term id: 195Description updated: (Catch Love & Co.\'s signature Lovemarque diamonds in action, set in lovingly crafted 18K rose or white gold rings, a perfect complement to your engagement story.) has changed by user id: 129, Time: 2022-03-24 04:10:38|| Term id: 195
Description updated: (Description Empty.) has changed by user id: 107, Time: 2022-03-24 04:23:55|| Term id: 123
Description updated: (Symbolic of an unending union, wedding bands are the hallmarks of any wedding. Explore men\'s and women\'s rings here to find the perfect one to tell your story.) has changed by user id: 74, Time: 2022-03-29 08:13:19|| Term id: 124
Description updated: (Description Empty.) has changed by user id: 169, Time: 2022-04-05 03:16:08|| Term id: 123
Description updated: (Description Empty.) has changed by user id: 169, Time: 2022-04-14 08:44:58|| Term id: 462
Description updated: (Description Empty.) has changed by user id: 169, Time: 2022-04-14 08:45:07|| Term id: 469
Description updated: (Description Empty.) has changed by user id: 169, Time: 2022-04-14 08:45:22|| Term id: 469
Description updated: (Description Empty.) has changed by user id: 169, Time: 2022-04-14 08:47:35|| Term id: 469
Description updated: (Description Empty.) has changed by user id: 169, Time: 2022-04-18 04:22:39|| Term id: 469
Description updated: (Description Empty.) has changed by user id: 169, Time: 2022-05-11 02:51:53|| Term id: 467
Write Logs: (Empty Field Content.) has changed by user id: 282, Time: 2022-05-13 02:01:21|| Term id: 1342
Write Logs: (Empty Field Content.) has changed by user id: 282, Time: 2022-05-13 02:01:21|| Term id: 1342Description updated: (Description Empty.) has changed by user id: 282, Time: 2022-05-13 02:01:21|| Term id: 1342
Description updated: (Description Empty.) has changed by user id: 169, Time: 2022-06-01 09:04:44|| Term id: 467
Description updated: (Description Empty.) has changed by user id: 169, Time: 2022-06-01 09:05:29|| Term id: 467
Description updated: (Description Empty.) has changed by user id: 169, Time: 2022-06-01 09:16:52|| Term id: 467
Description updated: (Description Empty.) has changed by user id: 169, Time: 2022-06-01 09:18:41|| Term id: 467
Description updated: (Description Empty.) has changed by user id: 169, Time: 2022-06-06 06:18:17|| Term id: 467
Description updated: (Description Empty.) has changed by user id: 169, Time: 2022-06-06 06:19:07|| Term id: 467
Description updated: (Description Empty.) has changed by user id: 169, Time: 2022-06-06 06:19:48|| Term id: 467
Description updated: (Description Empty.) has changed by user id: 169, Time: 2022-06-06 06:21:14|| Term id: 467
Description updated: (Description Empty.) has changed by user id: 451, Time: 2022-06-15 08:31:15|| Term id: 467
Description updated: (Symbolic of an unending union, wedding bands are the hallmarks of any wedding. Explore men\'s and women\'s rings here to find the perfect one to tell your story.) has changed by user id: 282, Time: 2022-06-23 04:15:15|| Term id: 124
Write Logs: (LVC Precieux) has changed by user id: 282, Time: 2022-06-23 05:46:21|| Term id: 196
Write Logs: (LVC Precieux) has changed by user id: 282, Time: 2022-06-23 05:46:21|| Term id: 196Description updated: (Experience guilt-free jewellery in Malaysia with our lab-grown diamond range, LVC Precieux, in a variety of beautiful styles to match every mood and look.) has changed by user id: 282, Time: 2022-06-23 05:46:21|| Term id: 196
Description updated: (Description Empty.) has changed by user id: 282, Time: 2022-07-13 10:41:54|| Term id: 469
Description updated: (Description Empty.) has changed by user id: 282, Time: 2022-07-13 10:44:57|| Term id: 469
Description updated: (Description Empty.) has changed by user id: 282, Time: 2022-07-13 10:45:51|| Term id: 469
Description updated: (Description Empty.) has changed by user id: 282, Time: 2022-07-14 08:47:07|| Term id: 469
Description updated: (Description Empty.) has changed by user id: 282, Time: 2022-07-14 08:48:44|| Term id: 469
Write Logs: (Empty Field Content.) has changed by user id: 282, Time: 2022-09-07 10:39:56|| Term id: 1569
Write Logs: (Empty Field Content.) has changed by user id: 282, Time: 2022-09-07 10:39:56|| Term id: 1569Description updated: (Description Empty.) has changed by user id: 282, Time: 2022-09-07 10:39:56|| Term id: 1569
Description updated: (Description Empty.) has changed by user id: 282, Time: 2022-09-20 08:35:41|| Term id: 209
Description updated: (Description Empty.) has changed by user id: 282, Time: 2022-09-20 08:35:52|| Term id: 207
Description updated: (Description Empty.) has changed by user id: 282, Time: 2022-09-20 08:36:07|| Term id: 208
Description updated: (Description Empty.) has changed by user id: 282, Time: 2022-09-21 04:01:27|| Term id: 190
Description updated: (Description Empty.) has changed by user id: 282, Time: 2022-10-06 10:26:33|| Term id: 206
Description updated: (Description Empty.) has changed by user id: 169, Time: 2022-10-15 03:56:03|| Term id: 469
Description updated: (Description Empty.) has changed by user id: 169, Time: 2022-10-15 04:02:26|| Term id: 469
